<?xml version="1.0" encoding="UTF-8"?>
<!-- Generated by org.testng.reporters.JUnitReportReporter -->
<testsuite skipped="0" hostname="hp-PC" name="com.APITestingFramework.Testcases.CreateCustomerTest" tests="2" failures="0" timestamp="16 Jun 2020 10:08:43 GMT" time="6.480" errors="0">
  <testcase name="validateCreateCustomerWithValidSecretKey" time="5.229" classname="com.APITestingFramework.Testcases.CreateCustomerTest"/>
  <testcase name="validateCreateCustomerWithValidSecretKey" time="1.251" classname="com.APITestingFramework.Testcases.CreateCustomerTest"/>
</testsuite> <!-- com.APITestingFramework.Testcases.CreateCustomerTest -->
